{"total": {"lines":{"total":126,"covered":125,"skipped":0,"pct":99.2},"statements":{"total":156,"covered":152,"skipped":0,"pct":97.43},"functions":{"total":25,"covered":25,"skipped":0,"pct":100},"branches":{"total":111,"covered":103,"skipped":0,"pct":92.79},"branchesTrue":{"total":0,"covered":0,"skipped":0,"pct":"Unknown"}}
,"/Users/cgfeletar/Repos/ivf-dashboard/src/lib/miscarriageModel.ts": {"lines":{"total":43,"covered":42,"skipped":0,"pct":97.67},"functions":{"total":7,"covered":7,"skipped":0,"pct":100},"statements":{"total":54,"covered":53,"skipped":0,"pct":98.14},"branches":{"total":28,"covered":25,"skipped":0,"pct":89.28}}
,"/Users/cgfeletar/Repos/ivf-dashboard/src/lib/transforms.ts": {"lines":{"total":83,"covered":83,"skipped":0,"pct":100},"functions":{"total":18,"covered":18,"skipped":0,"pct":100},"statements":{"total":102,"covered":99,"skipped":0,"pct":97.05},"branches":{"total":83,"covered":78,"skipped":0,"pct":93.97}}
}
